This is pdfTeX, Version 3.14159265-2.6-1.40.21 (TeX Live 2020/Debian) (preloaded format=pdflatex 2020.10.30)  7 DEC 2020 21:34
entering extended mode
 restricted \write18 enabled.
 %&-line parsing enabled.
**511_pres.tex
(./511_pres.tex
LaTeX2e <2020-02-02> patch level 5
L3 programming layer <2020-07-17>
(/usr/share/texlive/texmf-dist/tex/latex/beamer/beamer.cls
Document Class: beamer 2020/07/22 v3.59 A class for typesetting presentations
(/usr/share/texlive/texmf-dist/tex/latex/beamer/beamerbasemodes.sty
(/usr/share/texlive/texmf-dist/tex/latex/etoolbox/etoolbox.sty
Package: etoolbox 2020/07/15 v2.5i e-TeX tools for LaTeX (JAW)
\etb@tempcnta=\count168
)
\beamer@tempbox=\box45
\beamer@tempcount=\count169
\c@beamerpauses=\count170

(/usr/share/texlive/texmf-dist/tex/latex/beamer/beamerbasedecode.sty
\beamer@slideinframe=\count171
\beamer@minimum=\count172
\beamer@decode@box=\box46
)
\beamer@commentbox=\box47
\beamer@modecount=\count173
)
(/usr/share/texlive/texmf-dist/tex/generic/iftex/ifpdf.sty
Package: ifpdf 2019/10/25 v3.4 ifpdf legacy package. Use iftex instead.

(/usr/share/texlive/texmf-dist/tex/generic/iftex/iftex.sty
Package: iftex 2020/03/06 v1.0d TeX engine tests
))
\headdp=\dimen134
\footheight=\dimen135
\sidebarheight=\dimen136
\beamer@tempdim=\dimen137
\beamer@finalheight=\dimen138
\beamer@animht=\dimen139
\beamer@animdp=\dimen140
\beamer@animwd=\dimen141
\beamer@leftmargin=\dimen142
\beamer@rightmargin=\dimen143
\beamer@leftsidebar=\dimen144
\beamer@rightsidebar=\dimen145
\beamer@boxsize=\dimen146
\beamer@vboxoffset=\dimen147
\beamer@descdefault=\dimen148
\beamer@descriptionwidth=\dimen149
\beamer@lastskip=\skip47
\beamer@areabox=\box48
\beamer@animcurrent=\box49
\beamer@animshowbox=\box50
\beamer@sectionbox=\box51
\beamer@logobox=\box52
\beamer@linebox=\box53
\beamer@sectioncount=\count174
\beamer@subsubsectionmax=\count175
\beamer@subsectionmax=\count176
\beamer@sectionmax=\count177
\beamer@totalheads=\count178
\beamer@headcounter=\count179
\beamer@partstartpage=\count180
\beamer@sectionstartpage=\count181
\beamer@subsectionstartpage=\count182
\beamer@animationtempa=\count183
\beamer@animationtempb=\count184
\beamer@xpos=\count185
\beamer@ypos=\count186
\beamer@ypos@offset=\count187
\beamer@showpartnumber=\count188
\beamer@currentsubsection=\count189
\beamer@coveringdepth=\count190
\beamer@sectionadjust=\count191
\beamer@tocsectionnumber=\count192

(/usr/share/texlive/texmf-dist/tex/latex/beamer/beamerbaseoptions.sty
(/usr/share/texlive/texmf-dist/tex/latex/graphics/keyval.sty
Package: keyval 2014/10/28 v1.15 key=value parser (DPC)
\KV@toks@=\toks15
))
\beamer@paperwidth=\skip48
\beamer@paperheight=\skip49

(/usr/share/texlive/texmf-dist/tex/latex/geometry/geometry.sty
Package: geometry 2020/01/02 v5.9 Page Geometry

(/usr/share/texlive/texmf-dist/tex/generic/iftex/ifvtex.sty
Package: ifvtex 2019/10/25 v1.7 ifvtex legacy package. Use iftex instead.
)
\Gm@cnth=\count193
\Gm@cntv=\count194
\c@Gm@tempcnt=\count195
\Gm@bindingoffset=\dimen150
\Gm@wd@mp=\dimen151
\Gm@odd@mp=\dimen152
\Gm@even@mp=\dimen153
\Gm@layoutwidth=\dimen154
\Gm@layoutheight=\dimen155
\Gm@layouthoffset=\dimen156
\Gm@layoutvoffset=\dimen157
\Gm@dimlist=\toks16
)
(/usr/share/texlive/texmf-dist/tex/latex/base/size11.clo
File: size11.clo 2019/12/20 v1.4l Standard LaTeX file (size option)
)
(/usr/share/texlive/texmf-dist/tex/latex/pgf/basiclayer/pgfcore.sty
(/usr/share/texlive/texmf-dist/tex/latex/graphics/graphicx.sty
Package: graphicx 2019/11/30 v1.2a Enhanced LaTeX Graphics (DPC,SPQR)

(/usr/share/texlive/texmf-dist/tex/latex/graphics/graphics.sty
Package: graphics 2019/11/30 v1.4a Standard LaTeX Graphics (DPC,SPQR)

(/usr/share/texlive/texmf-dist/tex/latex/graphics/trig.sty
Package: trig 2016/01/03 v1.10 sin cos tan (DPC)
)
(/usr/share/texlive/texmf-dist/tex/latex/graphics-cfg/graphics.cfg
File: graphics.cfg 2016/06/04 v1.11 sample graphics configuration
)
Package graphics Info: Driver file: pdftex.def on input line 105.

(/usr/share/texlive/texmf-dist/tex/latex/graphics-def/pdftex.def
File: pdftex.def 2018/01/08 v1.0l Graphics/color driver for pdftex
))
\Gin@req@height=\dimen158
\Gin@req@width=\dimen159
)
(/usr/share/texlive/texmf-dist/tex/latex/pgf/systemlayer/pgfsys.sty
(/usr/share/texlive/texmf-dist/tex/latex/pgf/utilities/pgfrcs.sty
(/usr/share/texlive/texmf-dist/tex/generic/pgf/utilities/pgfutil-common.tex
\pgfutil@everybye=\toks17
\pgfutil@tempdima=\dimen160
\pgfutil@tempdimb=\dimen161

(/usr/share/texlive/texmf-dist/tex/generic/pgf/utilities/pgfutil-common-lists.t
ex)) (/usr/share/texlive/texmf-dist/tex/generic/pgf/utilities/pgfutil-latex.def
\pgfutil@abb=\box54
(/usr/share/texlive/texmf-dist/tex/latex/ms/everyshi.sty
Package: everyshi 2001/05/15 v3.00 EveryShipout Package (MS)
))
(/usr/share/texlive/texmf-dist/tex/generic/pgf/utilities/pgfrcs.code.tex
(/usr/share/texlive/texmf-dist/tex/generic/pgf/pgf.revision.tex)
Package: pgfrcs 2020/01/08 v3.1.5b (3.1.5b)
))
(/usr/share/texlive/texmf-dist/tex/generic/pgf/systemlayer/pgfsys.code.tex
Package: pgfsys 2020/01/08 v3.1.5b (3.1.5b)

(/usr/share/texlive/texmf-dist/tex/generic/pgf/utilities/pgfkeys.code.tex
\pgfkeys@pathtoks=\toks18
\pgfkeys@temptoks=\toks19

(/usr/share/texlive/texmf-dist/tex/generic/pgf/utilities/pgfkeysfiltered.code.t
ex
\pgfkeys@tmptoks=\toks20
))
\pgf@x=\dimen162
\pgf@y=\dimen163
\pgf@xa=\dimen164
\pgf@ya=\dimen165
\pgf@xb=\dimen166
\pgf@yb=\dimen167
\pgf@xc=\dimen168
\pgf@yc=\dimen169
\pgf@xd=\dimen170
\pgf@yd=\dimen171
\w@pgf@writea=\write3
\r@pgf@reada=\read2
\c@pgf@counta=\count196
\c@pgf@countb=\count197
\c@pgf@countc=\count198
\c@pgf@countd=\count199
\t@pgf@toka=\toks21
\t@pgf@tokb=\toks22
\t@pgf@tokc=\toks23
\pgf@sys@id@count=\count266
 (/usr/share/texlive/texmf-dist/tex/generic/pgf/systemlayer/pgf.cfg
File: pgf.cfg 2020/01/08 v3.1.5b (3.1.5b)
)
Driver file for pgf: pgfsys-pdftex.def

(/usr/share/texlive/texmf-dist/tex/generic/pgf/systemlayer/pgfsys-pdftex.def
File: pgfsys-pdftex.def 2020/01/08 v3.1.5b (3.1.5b)

(/usr/share/texlive/texmf-dist/tex/generic/pgf/systemlayer/pgfsys-common-pdf.de
f
File: pgfsys-common-pdf.def 2020/01/08 v3.1.5b (3.1.5b)
)))
(/usr/share/texlive/texmf-dist/tex/generic/pgf/systemlayer/pgfsyssoftpath.code.
tex
File: pgfsyssoftpath.code.tex 2020/01/08 v3.1.5b (3.1.5b)
\pgfsyssoftpath@smallbuffer@items=\count267
\pgfsyssoftpath@bigbuffer@items=\count268
)
(/usr/share/texlive/texmf-dist/tex/generic/pgf/systemlayer/pgfsysprotocol.code.
tex
File: pgfsysprotocol.code.tex 2020/01/08 v3.1.5b (3.1.5b)
)) (/usr/share/texlive/texmf-dist/tex/latex/xcolor/xcolor.sty
Package: xcolor 2016/05/11 v2.12 LaTeX color extensions (UK)

(/usr/share/texlive/texmf-dist/tex/latex/graphics-cfg/color.cfg
File: color.cfg 2016/01/02 v1.6 sample color configuration
)
Package xcolor Info: Driver file: pdftex.def on input line 225.
Package xcolor Info: Model `cmy' substituted by `cmy0' on input line 1348.
Package xcolor Info: Model `hsb' substituted by `rgb' on input line 1352.
Package xcolor Info: Model `RGB' extended on input line 1364.
Package xcolor Info: Model `HTML' substituted by `rgb' on input line 1366.
Package xcolor Info: Model `Hsb' substituted by `hsb' on input line 1367.
Package xcolor Info: Model `tHsb' substituted by `hsb' on input line 1368.
Package xcolor Info: Model `HSB' substituted by `hsb' on input line 1369.
Package xcolor Info: Model `Gray' substituted by `gray' on input line 1370.
Package xcolor Info: Model `wave' substituted by `hsb' on input line 1371.
)
(/usr/share/texlive/texmf-dist/tex/generic/pgf/basiclayer/pgfcore.code.tex
Package: pgfcore 2020/01/08 v3.1.5b (3.1.5b)

(/usr/share/texlive/texmf-dist/tex/generic/pgf/math/pgfmath.code.tex
(/usr/share/texlive/texmf-dist/tex/generic/pgf/math/pgfmathcalc.code.tex
(/usr/share/texlive/texmf-dist/tex/generic/pgf/math/pgfmathutil.code.tex)
(/usr/share/texlive/texmf-dist/tex/generic/pgf/math/pgfmathparser.code.tex
\pgfmath@dimen=\dimen172
\pgfmath@count=\count269
\pgfmath@box=\box55
\pgfmath@toks=\toks24
\pgfmath@stack@operand=\toks25
\pgfmath@stack@operation=\toks26
)
(/usr/share/texlive/texmf-dist/tex/generic/pgf/math/pgfmathfunctions.code.tex
(/usr/share/texlive/texmf-dist/tex/generic/pgf/math/pgfmathfunctions.basic.code
.tex)
(/usr/share/texlive/texmf-dist/tex/generic/pgf/math/pgfmathfunctions.trigonomet
ric.code.tex)
(/usr/share/texlive/texmf-dist/tex/generic/pgf/math/pgfmathfunctions.random.cod
e.tex)
(/usr/share/texlive/texmf-dist/tex/generic/pgf/math/pgfmathfunctions.comparison
.code.tex)
(/usr/share/texlive/texmf-dist/tex/generic/pgf/math/pgfmathfunctions.base.code.
tex)
(/usr/share/texlive/texmf-dist/tex/generic/pgf/math/pgfmathfunctions.round.code
.tex)
(/usr/share/texlive/texmf-dist/tex/generic/pgf/math/pgfmathfunctions.misc.code.
tex)
(/usr/share/texlive/texmf-dist/tex/generic/pgf/math/pgfmathfunctions.integerari
thmetics.code.tex)))
(/usr/share/texlive/texmf-dist/tex/generic/pgf/math/pgfmathfloat.code.tex
\c@pgfmathroundto@lastzeros=\count270
))
(/usr/share/texlive/texmf-dist/tex/generic/pgf/math/pgfint.code.tex)
(/usr/share/texlive/texmf-dist/tex/generic/pgf/basiclayer/pgfcorepoints.code.te
x
File: pgfcorepoints.code.tex 2020/01/08 v3.1.5b (3.1.5b)
\pgf@picminx=\dimen173
\pgf@picmaxx=\dimen174
\pgf@picminy=\dimen175
\pgf@picmaxy=\dimen176
\pgf@pathminx=\dimen177
\pgf@pathmaxx=\dimen178
\pgf@pathminy=\dimen179
\pgf@pathmaxy=\dimen180
\pgf@xx=\dimen181
\pgf@xy=\dimen182
\pgf@yx=\dimen183
\pgf@yy=\dimen184
\pgf@zx=\dimen185
\pgf@zy=\dimen186
)
(/usr/share/texlive/texmf-dist/tex/generic/pgf/basiclayer/pgfcorepathconstruct.
code.tex
File: pgfcorepathconstruct.code.tex 2020/01/08 v3.1.5b (3.1.5b)
\pgf@path@lastx=\dimen187
\pgf@path@lasty=\dimen188
)
(/usr/share/texlive/texmf-dist/tex/generic/pgf/basiclayer/pgfcorepathusage.code
.tex
File: pgfcorepathusage.code.tex 2020/01/08 v3.1.5b (3.1.5b)
\pgf@shorten@end@additional=\dimen189
\pgf@shorten@start@additional=\dimen190
)
(/usr/share/texlive/texmf-dist/tex/generic/pgf/basiclayer/pgfcorescopes.code.te
x
File: pgfcorescopes.code.tex 2020/01/08 v3.1.5b (3.1.5b)
\pgfpic=\box56
\pgf@hbox=\box57
\pgf@layerbox@main=\box58
\pgf@picture@serial@count=\count271
)
(/usr/share/texlive/texmf-dist/tex/generic/pgf/basiclayer/pgfcoregraphicstate.c
ode.tex
File: pgfcoregraphicstate.code.tex 2020/01/08 v3.1.5b (3.1.5b)
\pgflinewidth=\dimen191
)
(/usr/share/texlive/texmf-dist/tex/generic/pgf/basiclayer/pgfcoretransformation
s.code.tex
File: pgfcoretransformations.code.tex 2020/01/08 v3.1.5b (3.1.5b)
\pgf@pt@x=\dimen192
\pgf@pt@y=\dimen193
\pgf@pt@temp=\dimen194
)
(/usr/share/texlive/texmf-dist/tex/generic/pgf/basiclayer/pgfcorequick.code.tex
File: pgfcorequick.code.tex 2020/01/08 v3.1.5b (3.1.5b)
)
(/usr/share/texlive/texmf-dist/tex/generic/pgf/basiclayer/pgfcoreobjects.code.t
ex
File: pgfcoreobjects.code.tex 2020/01/08 v3.1.5b (3.1.5b)
)
(/usr/share/texlive/texmf-dist/tex/generic/pgf/basiclayer/pgfcorepathprocessing
.code.tex
File: pgfcorepathprocessing.code.tex 2020/01/08 v3.1.5b (3.1.5b)
)
(/usr/share/texlive/texmf-dist/tex/generic/pgf/basiclayer/pgfcorearrows.code.te
x
File: pgfcorearrows.code.tex 2020/01/08 v3.1.5b (3.1.5b)
\pgfarrowsep=\dimen195
)
(/usr/share/texlive/texmf-dist/tex/generic/pgf/basiclayer/pgfcoreshade.code.tex
File: pgfcoreshade.code.tex 2020/01/08 v3.1.5b (3.1.5b)
\pgf@max=\dimen196
\pgf@sys@shading@range@num=\count272
\pgf@shadingcount=\count273
)
(/usr/share/texlive/texmf-dist/tex/generic/pgf/basiclayer/pgfcoreimage.code.tex
File: pgfcoreimage.code.tex 2020/01/08 v3.1.5b (3.1.5b)

(/usr/share/texlive/texmf-dist/tex/generic/pgf/basiclayer/pgfcoreexternal.code.
tex
File: pgfcoreexternal.code.tex 2020/01/08 v3.1.5b (3.1.5b)
\pgfexternal@startupbox=\box59
))
(/usr/share/texlive/texmf-dist/tex/generic/pgf/basiclayer/pgfcorelayers.code.te
x
File: pgfcorelayers.code.tex 2020/01/08 v3.1.5b (3.1.5b)
)
(/usr/share/texlive/texmf-dist/tex/generic/pgf/basiclayer/pgfcoretransparency.c
ode.tex
File: pgfcoretransparency.code.tex 2020/01/08 v3.1.5b (3.1.5b)
)
(/usr/share/texlive/texmf-dist/tex/generic/pgf/basiclayer/pgfcorepatterns.code.
tex
File: pgfcorepatterns.code.tex 2020/01/08 v3.1.5b (3.1.5b)
)
(/usr/share/texlive/texmf-dist/tex/generic/pgf/basiclayer/pgfcorerdf.code.tex
File: pgfcorerdf.code.tex 2020/01/08 v3.1.5b (3.1.5b)
))) (/usr/share/texlive/texmf-dist/tex/latex/pgf/utilities/xxcolor.sty
Package: xxcolor 2003/10/24 ver 0.1
\XC@nummixins=\count274
\XC@countmixins=\count275
)
(/usr/share/texlive/texmf-dist/tex/generic/atbegshi/atbegshi.sty
Package: atbegshi 2019/12/05 v1.19 At begin shipout hook (HO)

(/usr/share/texlive/texmf-dist/tex/generic/infwarerr/infwarerr.sty
Package: infwarerr 2019/12/03 v1.5 Providing info/warning/error messages (HO)
)
(/usr/share/texlive/texmf-dist/tex/generic/ltxcmds/ltxcmds.sty
Package: ltxcmds 2019/12/15 v1.24 LaTeX kernel commands for general use (HO)
))
(/usr/share/texlive/texmf-dist/tex/latex/hyperref/hyperref.sty
Package: hyperref 2020-05-15 v7.00e Hypertext links for LaTeX

(/usr/share/texlive/texmf-dist/tex/generic/pdftexcmds/pdftexcmds.sty
Package: pdftexcmds 2020-06-27 v0.33 Utility functions of pdfTeX for LuaTeX (HO
)
Package pdftexcmds Info: \pdf@primitive is available.
Package pdftexcmds Info: \pdf@ifprimitive is available.
Package pdftexcmds Info: \pdfdraftmode found.
)
(/usr/share/texlive/texmf-dist/tex/generic/kvsetkeys/kvsetkeys.sty
Package: kvsetkeys 2019/12/15 v1.18 Key value parser (HO)
)
(/usr/share/texlive/texmf-dist/tex/generic/kvdefinekeys/kvdefinekeys.sty
Package: kvdefinekeys 2019-12-19 v1.6 Define keys (HO)
)
(/usr/share/texlive/texmf-dist/tex/generic/pdfescape/pdfescape.sty
Package: pdfescape 2019/12/09 v1.15 Implements pdfTeX's escape features (HO)
)
(/usr/share/texlive/texmf-dist/tex/latex/hycolor/hycolor.sty
Package: hycolor 2020-01-27 v1.10 Color options for hyperref/bookmark (HO)
)
(/usr/share/texlive/texmf-dist/tex/latex/letltxmacro/letltxmacro.sty
Package: letltxmacro 2019/12/03 v1.6 Let assignment for LaTeX macros (HO)
)
(/usr/share/texlive/texmf-dist/tex/latex/auxhook/auxhook.sty
Package: auxhook 2019-12-17 v1.6 Hooks for auxiliary files (HO)
)
(/usr/share/texlive/texmf-dist/tex/latex/kvoptions/kvoptions.sty
Package: kvoptions 2019/11/29 v3.13 Key value format for package options (HO)
)
\@linkdim=\dimen197
\Hy@linkcounter=\count276
\Hy@pagecounter=\count277

(/usr/share/texlive/texmf-dist/tex/latex/hyperref/pd1enc.def
File: pd1enc.def 2020-05-15 v7.00e Hyperref: PDFDocEncoding definition (HO)
Now handling font encoding PD1 ...
... no UTF-8 mapping file for font encoding PD1
)
(/usr/share/texlive/texmf-dist/tex/generic/intcalc/intcalc.sty
Package: intcalc 2019/12/15 v1.3 Expandable calculations with integers (HO)
)
(/usr/share/texlive/texmf-dist/tex/generic/etexcmds/etexcmds.sty
Package: etexcmds 2019/12/15 v1.7 Avoid name clashes with e-TeX commands (HO)
)
\Hy@SavedSpaceFactor=\count278
Package hyperref Info: Option `bookmarks' set `true' on input line 4338.
Package hyperref Info: Option `bookmarksopen' set `true' on input line 4338.
Package hyperref Info: Option `implicit' set `false' on input line 4338.
Package hyperref Info: Hyper figures OFF on input line 4464.
Package hyperref Info: Link nesting OFF on input line 4469.
Package hyperref Info: Hyper index ON on input line 4472.
Package hyperref Info: Plain pages OFF on input line 4479.
Package hyperref Info: Backreferencing OFF on input line 4484.
Package hyperref Info: Implicit mode OFF; no redefinition of LaTeX internals.
Package hyperref Info: Bookmarks ON on input line 4717.
\c@Hy@tempcnt=\count279

(/usr/share/texlive/texmf-dist/tex/latex/url/url.sty
\Urlmuskip=\muskip16
Package: url 2013/09/16  ver 3.4  Verb mode for urls, etc.
)
LaTeX Info: Redefining \url on input line 5076.
\XeTeXLinkMargin=\dimen198

(/usr/share/texlive/texmf-dist/tex/generic/bitset/bitset.sty
Package: bitset 2019/12/09 v1.3 Handle bit-vector datatype (HO)

(/usr/share/texlive/texmf-dist/tex/generic/bigintcalc/bigintcalc.sty
Package: bigintcalc 2019/12/15 v1.5 Expandable calculations on big integers (HO
)
))
\Fld@menulength=\count280
\Field@Width=\dimen199
\Fld@charsize=\dimen256
Package hyperref Info: Hyper figures OFF on input line 6347.
Package hyperref Info: Link nesting OFF on input line 6352.
Package hyperref Info: Hyper index ON on input line 6355.
Package hyperref Info: backreferencing OFF on input line 6362.
Package hyperref Info: Link coloring OFF on input line 6367.
Package hyperref Info: Link coloring with OCG OFF on input line 6372.
Package hyperref Info: PDF/A mode OFF on input line 6377.
LaTeX Info: Redefining \ref on input line 6417.
LaTeX Info: Redefining \pageref on input line 6421.
\Hy@abspage=\count281


Package hyperref Message: Stopped early.

)
Package hyperref Info: Driver (autodetected): hpdftex.
 (/usr/share/texlive/texmf-dist/tex/latex/hyperref/hpdftex.def
File: hpdftex.def 2020-05-15 v7.00e Hyperref driver for pdfTeX

(/usr/share/texlive/texmf-dist/tex/latex/atveryend/atveryend.sty
Package: atveryend 2019-12-11 v1.11 Hooks at the very end of document (HO)
)
\Fld@listcount=\count282
\c@bookmark@seq@number=\count283

(/usr/share/texlive/texmf-dist/tex/latex/rerunfilecheck/rerunfilecheck.sty
Package: rerunfilecheck 2019/12/05 v1.9 Rerun checks for auxiliary files (HO)

(/usr/share/texlive/texmf-dist/tex/generic/uniquecounter/uniquecounter.sty
Package: uniquecounter 2019/12/15 v1.4 Provide unlimited unique counter (HO)
)
Package uniquecounter Info: New unique counter `rerunfilecheck' on input line 2
86.
))
(/usr/share/texlive/texmf-dist/tex/latex/beamer/beamerbaserequires.sty
(/usr/share/texlive/texmf-dist/tex/latex/beamer/beamerbasecompatibility.sty)
(/usr/share/texlive/texmf-dist/tex/latex/beamer/beamerbasefont.sty
(/usr/share/texlive/texmf-dist/tex/latex/amsfonts/amssymb.sty
Package: amssymb 2013/01/14 v3.01 AMS font symbols

(/usr/share/texlive/texmf-dist/tex/latex/amsfonts/amsfonts.sty
Package: amsfonts 2013/01/14 v3.01 Basic AMSFonts support
\@emptytoks=\toks27
\symAMSa=\mathgroup4
\symAMSb=\mathgroup5
LaTeX Font Info:    Redeclaring math symbol \hbar on input line 98.
LaTeX Font Info:    Overwriting math alphabet `\mathfrak' in version `bold'
(Font)                  U/euf/m/n --> U/euf/b/n on input line 106.
))
(/usr/share/texlive/texmf-dist/tex/latex/sansmathaccent/sansmathaccent.sty
Package: sansmathaccent 2020/01/31

(/usr/share/texlive/texmf-dist/tex/latex/koma-script/scrlfile.sty
Package: scrlfile 2020/07/22 v3.31 KOMA-Script package (loading files)
)))
(/usr/share/texlive/texmf-dist/tex/latex/beamer/beamerbasetranslator.sty
(/usr/share/texlive/texmf-dist/tex/latex/translator/translator.sty
Package: translator 2020-07-27 v1.12b Easy translation of strings in LaTeX
))
(/usr/share/texlive/texmf-dist/tex/latex/beamer/beamerbasemisc.sty)
(/usr/share/texlive/texmf-dist/tex/latex/beamer/beamerbasetwoscreens.sty)
(/usr/share/texlive/texmf-dist/tex/latex/beamer/beamerbaseoverlay.sty
\beamer@argscount=\count284
\beamer@lastskipcover=\skip50
\beamer@trivlistdepth=\count285
)
(/usr/share/texlive/texmf-dist/tex/latex/beamer/beamerbasetitle.sty)
(/usr/share/texlive/texmf-dist/tex/latex/beamer/beamerbasesection.sty
\c@lecture=\count286
\c@part=\count287
\c@section=\count288
\c@subsection=\count289
\c@subsubsection=\count290
)
(/usr/share/texlive/texmf-dist/tex/latex/beamer/beamerbaseframe.sty
\beamer@framebox=\box60
\beamer@frametitlebox=\box61
\beamer@zoombox=\box62
\beamer@zoomcount=\count291
\beamer@zoomframecount=\count292
\beamer@frametextheight=\dimen257
\c@subsectionslide=\count293
\beamer@frametopskip=\skip51
\beamer@framebottomskip=\skip52
\beamer@frametopskipautobreak=\skip53
\beamer@framebottomskipautobreak=\skip54
\beamer@envbody=\toks28
\framewidth=\dimen258
\c@framenumber=\count294
)
(/usr/share/texlive/texmf-dist/tex/latex/beamer/beamerbaseverbatim.sty
\beamer@verbatimfileout=\write4
)
(/usr/share/texlive/texmf-dist/tex/latex/beamer/beamerbaseframesize.sty
\beamer@splitbox=\box63
\beamer@autobreakcount=\count295
\beamer@autobreaklastheight=\dimen259
\beamer@frametitletoks=\toks29
\beamer@framesubtitletoks=\toks30
)
(/usr/share/texlive/texmf-dist/tex/latex/beamer/beamerbaseframecomponents.sty
\beamer@footins=\box64
)
(/usr/share/texlive/texmf-dist/tex/latex/beamer/beamerbasecolor.sty)
(/usr/share/texlive/texmf-dist/tex/latex/beamer/beamerbasenotes.sty
\beamer@frameboxcopy=\box65
)
(/usr/share/texlive/texmf-dist/tex/latex/beamer/beamerbasetoc.sty)
(/usr/share/texlive/texmf-dist/tex/latex/beamer/beamerbasetemplates.sty
\beamer@sbttoks=\toks31

(/usr/share/texlive/texmf-dist/tex/latex/beamer/beamerbaseauxtemplates.sty
(/usr/share/texlive/texmf-dist/tex/latex/beamer/beamerbaseboxes.sty
\bmb@box=\box66
\bmb@colorbox=\box67
\bmb@boxshadow=\box68
\bmb@boxshadowball=\box69
\bmb@boxshadowballlarge=\box70
\bmb@temp=\dimen260
\bmb@dima=\dimen261
\bmb@dimb=\dimen262
\bmb@prevheight=\dimen263
)
\beamer@blockheadheight=\dimen264
))
(/usr/share/texlive/texmf-dist/tex/latex/beamer/beamerbaselocalstructure.sty
(/usr/share/texlive/texmf-dist/tex/latex/tools/enumerate.sty
Package: enumerate 2015/07/23 v3.00 enumerate extensions (DPC)
\@enLab=\toks32
)
\c@figure=\count296
\c@table=\count297
\abovecaptionskip=\skip55
\belowcaptionskip=\skip56
)
(/usr/share/texlive/texmf-dist/tex/latex/beamer/beamerbasenavigation.sty
\beamer@section@min@dim=\dimen265
)
(/usr/share/texlive/texmf-dist/tex/latex/beamer/beamerbasetheorems.sty
(/usr/share/texlive/texmf-dist/tex/latex/amsmath/amsmath.sty
Package: amsmath 2020/01/20 v2.17e AMS math features
\@mathmargin=\skip57

For additional information on amsmath, use the `?' option.
(/usr/share/texlive/texmf-dist/tex/latex/amsmath/amstext.sty
Package: amstext 2000/06/29 v2.01 AMS text

(/usr/share/texlive/texmf-dist/tex/latex/amsmath/amsgen.sty
File: amsgen.sty 1999/11/30 v2.0 generic functions
\@emptytoks=\toks33
\ex@=\dimen266
))
(/usr/share/texlive/texmf-dist/tex/latex/amsmath/amsbsy.sty
Package: amsbsy 1999/11/29 v1.2d Bold Symbols
\pmbraise@=\dimen267
)
(/usr/share/texlive/texmf-dist/tex/latex/amsmath/amsopn.sty
Package: amsopn 2016/03/08 v2.02 operator names
)
\inf@bad=\count298
LaTeX Info: Redefining \frac on input line 227.
\uproot@=\count299
\leftroot@=\count300
LaTeX Info: Redefining \overline on input line 389.
\classnum@=\count301
\DOTSCASE@=\count302
LaTeX Info: Redefining \ldots on input line 486.
LaTeX Info: Redefining \dots on input line 489.
LaTeX Info: Redefining \cdots on input line 610.
\Mathstrutbox@=\box71
\strutbox@=\box72
\big@size=\dimen268
LaTeX Font Info:    Redeclaring font encoding OML on input line 733.
LaTeX Font Info:    Redeclaring font encoding OMS on input line 734.
\macc@depth=\count303
\c@MaxMatrixCols=\count304
\dotsspace@=\muskip17
\c@parentequation=\count305
\dspbrk@lvl=\count306
\tag@help=\toks34
\row@=\count307
\column@=\count308
\maxfields@=\count309
\andhelp@=\toks35
\eqnshift@=\dimen269
\alignsep@=\dimen270
\tagshift@=\dimen271
\tagwidth@=\dimen272
\totwidth@=\dimen273
\lineht@=\dimen274
\@envbody=\toks36
\multlinegap=\skip58
\multlinetaggap=\skip59
\mathdisplay@stack=\toks37
LaTeX Info: Redefining \[ on input line 2859.
LaTeX Info: Redefining \] on input line 2860.
)
(/usr/share/texlive/texmf-dist/tex/latex/amscls/amsthm.sty
Package: amsthm 2020/05/29 v2.20.6
\thm@style=\toks38
\thm@bodyfont=\toks39
\thm@headfont=\toks40
\thm@notefont=\toks41
\thm@headpunct=\toks42
\thm@preskip=\skip60
\thm@postskip=\skip61
\thm@headsep=\skip62
\dth@everypar=\toks43
)
\c@theorem=\count310
)
(/usr/share/texlive/texmf-dist/tex/latex/beamer/beamerbasethemes.sty))
(/usr/share/texlive/texmf-dist/tex/latex/beamer/beamerthemedefault.sty
(/usr/share/texlive/texmf-dist/tex/latex/beamer/beamerfontthemedefault.sty)
(/usr/share/texlive/texmf-dist/tex/latex/beamer/beamercolorthemedefault.sty)
(/usr/share/texlive/texmf-dist/tex/latex/beamer/beamerinnerthemedefault.sty
\beamer@dima=\dimen275
\beamer@dimb=\dimen276
)
(/usr/share/texlive/texmf-dist/tex/latex/beamer/beamerouterthemedefault.sty)))
(/usr/share/texlive/texmf-dist/tex/latex/base/inputenc.sty
Package: inputenc 2018/08/11 v1.3c Input encoding file
\inpenc@prehook=\toks44
\inpenc@posthook=\toks45
)
(/usr/share/texlive/texmf-dist/tex/latex/enumitem/enumitem.sty
Package: enumitem 2019/06/20 v3.9 Customized lists
\labelindent=\skip63
\enit@outerparindent=\dimen277
\enit@toks=\toks46
\enit@inbox=\box73
\enit@count@id=\count311
\enitdp@description=\count312
)
(/usr/share/texlive/texmf-dist/tex/latex/adjustbox/adjustbox.sty
Package: adjustbox 2019/01/04 v1.2 Adjusting TeX boxes (trim, clip, ...)

(/usr/share/texlive/texmf-dist/tex/latex/xkeyval/xkeyval.sty
Package: xkeyval 2014/12/03 v2.7a package option processing (HA)

(/usr/share/texlive/texmf-dist/tex/generic/xkeyval/xkeyval.tex
(/usr/share/texlive/texmf-dist/tex/generic/xkeyval/xkvutils.tex
\XKV@toks=\toks47
\XKV@tempa@toks=\toks48
)
\XKV@depth=\count313
File: xkeyval.tex 2014/12/03 v2.7a key=value parser (HA)
))
(/usr/share/texlive/texmf-dist/tex/latex/adjustbox/adjcalc.sty
Package: adjcalc 2012/05/16 v1.1 Provides advanced setlength with multiple back
-ends (calc, etex, pgfmath)
)
(/usr/share/texlive/texmf-dist/tex/latex/adjustbox/trimclip.sty
Package: trimclip 2018/04/08 v1.1 Trim and clip general TeX material

(/usr/share/texlive/texmf-dist/tex/latex/collectbox/collectbox.sty
Package: collectbox 2012/05/17 v0.4b Collect macro arguments as boxes
\collectedbox=\box74
)
\tc@llx=\dimen278
\tc@lly=\dimen279
\tc@urx=\dimen280
\tc@ury=\dimen281
Package trimclip Info: Using driver 'tc-pdftex.def'.

(/usr/share/texlive/texmf-dist/tex/latex/adjustbox/tc-pdftex.def
File: tc-pdftex.def 2019/01/04 v2.2 Clipping driver for pdftex
))
\adjbox@Width=\dimen282
\adjbox@Height=\dimen283
\adjbox@Depth=\dimen284
\adjbox@Totalheight=\dimen285
\adjbox@pwidth=\dimen286
\adjbox@pheight=\dimen287
\adjbox@pdepth=\dimen288
\adjbox@ptotalheight=\dimen289

(/usr/share/texlive/texmf-dist/tex/latex/ifoddpage/ifoddpage.sty
Package: ifoddpage 2016/04/23 v1.1 Conditionals for odd/even page detection
\c@checkoddpage=\count314
)
(/usr/share/texlive/texmf-dist/tex/latex/varwidth/varwidth.sty
Package: varwidth 2009/03/30 ver 0.92;  Variable-width minipages
\@vwid@box=\box75
\sift@deathcycles=\count315
\@vwid@loff=\dimen290
\@vwid@roff=\dimen291
))
(/usr/share/texlive/texmf-dist/tex/latex/beamer/beamerthemeFrankfurt.sty
(/usr/share/texlive/texmf-dist/tex/latex/beamer/beamerouterthemesmoothbars.sty)
(/usr/share/texlive/texmf-dist/tex/latex/beamer/beamerinnerthemerounded.sty)
(/usr/share/texlive/texmf-dist/tex/latex/beamer/beamercolorthemeorchid.sty)
(/usr/share/texlive/texmf-dist/tex/latex/beamer/beamercolorthemewhale.sty))
(/usr/share/texlive/texmf-dist/tex/latex/beamer/beamerfontthemeserif.sty)
(/usr/share/texlive/texmf-dist/tex/latex/l3backend/l3backend-pdfmode.def
File: l3backend-pdfmode.def 2020-06-29 L3 backend support: PDF mode
\l__kernel_color_stack_int=\count316
\l__pdf_internal_box=\box76
)
(./511_pres.aux)
\openout1 = `511_pres.aux'.

LaTeX Font Info:    Checking defaults for OML/cmm/m/it on input line 41.
LaTeX Font Info:    ... okay on input line 41.
LaTeX Font Info:    Checking defaults for OMS/cmsy/m/n on input line 41.
LaTeX Font Info:    ... okay on input line 41.
LaTeX Font Info:    Checking defaults for OT1/cmr/m/n on input line 41.
LaTeX Font Info:    ... okay on input line 41.
LaTeX Font Info:    Checking defaults for T1/cmr/m/n on input line 41.
LaTeX Font Info:    ... okay on input line 41.
LaTeX Font Info:    Checking defaults for TS1/cmr/m/n on input line 41.
LaTeX Font Info:    ... okay on input line 41.
LaTeX Font Info:    Checking defaults for OMX/cmex/m/n on input line 41.
LaTeX Font Info:    ... okay on input line 41.
LaTeX Font Info:    Checking defaults for U/cmr/m/n on input line 41.
LaTeX Font Info:    ... okay on input line 41.
LaTeX Font Info:    Checking defaults for PD1/pdf/m/n on input line 41.
LaTeX Font Info:    ... okay on input line 41.

*geometry* driver: auto-detecting
*geometry* detected driver: pdftex
*geometry* verbose mode - [ preamble ] result:
* driver: pdftex
* paper: custom
* layout: <same size as paper>
* layoutoffset:(h,v)=(0.0pt,0.0pt)
* modes: includehead includefoot 
* h-part:(L,W,R)=(28.45274pt, 398.3386pt, 28.45274pt)
* v-part:(T,H,B)=(0.0pt, 284.52756pt, 0.0pt)
* \paperwidth=455.24408pt
* \paperheight=284.52756pt
* \textwidth=398.3386pt
* \textheight=256.07483pt
* \oddsidemargin=-43.81725pt
* \evensidemargin=-43.81725pt
* \topmargin=-72.26999pt
* \headheight=14.22636pt
* \headsep=0.0pt
* \topskip=11.0pt
* \footskip=14.22636pt
* \marginparwidth=4.0pt
* \marginparsep=10.0pt
* \columnsep=10.0pt
* \skip\footins=10.0pt plus 4.0pt minus 2.0pt
* \hoffset=0.0pt
* \voffset=0.0pt
* \mag=1000
* \@twocolumnfalse
* \@twosidefalse
* \@mparswitchfalse
* \@reversemarginfalse
* (1in=72.27pt=25.4mm, 1cm=28.453pt)

(/usr/share/texlive/texmf-dist/tex/context/base/mkii/supp-pdf.mkii
[Loading MPS to PDF converter (version 2006.09.02).]
\scratchcounter=\count317
\scratchdimen=\dimen292
\scratchbox=\box77
\nofMPsegments=\count318
\nofMParguments=\count319
\everyMPshowfont=\toks49
\MPscratchCnt=\count320
\MPscratchDim=\dimen293
\MPnumerator=\count321
\makeMPintoPDFobject=\count322
\everyMPtoPDFconversion=\toks50
) (/usr/share/texlive/texmf-dist/tex/latex/epstopdf-pkg/epstopdf-base.sty
Package: epstopdf-base 2020-01-24 v2.11 Base part for package epstopdf
Package epstopdf-base Info: Redefining graphics rule for `.eps' on input line 4
85.

(/usr/share/texlive/texmf-dist/tex/latex/latexconfig/epstopdf-sys.cfg
File: epstopdf-sys.cfg 2010/07/13 v1.3 Configuration of (r)epstopdf for TeX Liv
e
))
ABD: EveryShipout initializing macros
\AtBeginShipoutBox=\box78
Package hyperref Info: Link coloring OFF on input line 41.

(/usr/share/texlive/texmf-dist/tex/latex/hyperref/nameref.sty
Package: nameref 2019/09/16 v2.46 Cross-referencing by name of section

(/usr/share/texlive/texmf-dist/tex/latex/refcount/refcount.sty
Package: refcount 2019/12/15 v3.6 Data extraction from label references (HO)
)
(/usr/share/texlive/texmf-dist/tex/generic/gettitlestring/gettitlestring.sty
Package: gettitlestring 2019/12/15 v1.6 Cleanup title references (HO)
)
\c@section@level=\count323
)
LaTeX Info: Redefining \ref on input line 41.
LaTeX Info: Redefining \pageref on input line 41.
LaTeX Info: Redefining \nameref on input line 41.

(./511_pres.out) (./511_pres.out)
\@outlinefile=\write5
\openout5 = `511_pres.out'.


(/usr/share/texlive/texmf-dist/tex/latex/translator/translator-basic-dictionary
-English.dict
Dictionary: translator-basic-dictionary, Language: English 
)
(/usr/share/texlive/texmf-dist/tex/latex/translator/translator-bibliography-dic
tionary-English.dict
Dictionary: translator-bibliography-dictionary, Language: English 
)
(/usr/share/texlive/texmf-dist/tex/latex/translator/translator-environment-dict
ionary-English.dict
Dictionary: translator-environment-dictionary, Language: English 
)
(/usr/share/texlive/texmf-dist/tex/latex/translator/translator-months-dictionar
y-English.dict
Dictionary: translator-months-dictionary, Language: English 
)
(/usr/share/texlive/texmf-dist/tex/latex/translator/translator-numbers-dictiona
ry-English.dict
Dictionary: translator-numbers-dictionary, Language: English 
)
(/usr/share/texlive/texmf-dist/tex/latex/translator/translator-theorem-dictiona
ry-English.dict
Dictionary: translator-theorem-dictionary, Language: English 
) (./511_pres.nav) [1{/var/lib/texmf/fonts/map/pdftex/updmap/pdftex.map}

]
LaTeX Font Info:    Trying to load font information for U+msa on input line 57.

 (/usr/share/texlive/texmf-dist/tex/latex/amsfonts/umsa.fd
File: umsa.fd 2013/01/14 v3.01 AMS symbols A
)
LaTeX Font Info:    Trying to load font information for U+msb on input line 57.


(/usr/share/texlive/texmf-dist/tex/latex/amsfonts/umsb.fd
File: umsb.fd 2013/01/14 v3.01 AMS symbols B
)

LaTeX Font Warning: Font shape `OT1/cmss/bx/it' undefined
(Font)              using `OT1/cmss/bx/n' instead on input line 57.

[2

]
Package epstopdf Info: Source file: <./Figures/fft_all.eps>
(epstopdf)                    date: 2020-12-07 14:21:38
(epstopdf)                    size: 312557 bytes
(epstopdf)             Output file: <./Figures/fft_all-eps-converted-to.pdf>
(epstopdf)                    date: 2020-12-07 14:21:38
(epstopdf)                    size: 108119 bytes
(epstopdf)             Command: <repstopdf --outfile=./Figures/fft_all-eps-conv
erted-to.pdf ./Figures/fft_all.eps>
(epstopdf)             \includegraphics on input line 79.
Package epstopdf Info: Output file is already uptodate.
<./Figures/fft_all-eps-converted-to.pdf, id=42, 464.73625pt x 366.36874pt>
File: ./Figures/fft_all-eps-converted-to.pdf Graphic file (type pdf)
<use ./Figures/fft_all-eps-converted-to.pdf>
Package pdftex.def Info: ./Figures/fft_all-eps-converted-to.pdf  used on input 
line 79.
(pdftex.def)             Requested size: 239.00558pt x 188.41646pt.
 [3

 <./Figures/fft_all-eps-converted-to.pdf>]
Package epstopdf Info: Source file: <./Figures/mart_spic.eps>
(epstopdf)                    date: 2020-12-07 21:34:18
(epstopdf)                    size: 190929 bytes
(epstopdf)             Output file: <./Figures/mart_spic-eps-converted-to.pdf>
(epstopdf)             Command: <repstopdf --outfile=./Figures/mart_spic-eps-co
nverted-to.pdf ./Figures/mart_spic.eps>
(epstopdf)             \includegraphics on input line 100.
runsystem(repstopdf --outfile=./Figures/mart_spic-eps-converted-to.pdf ./Figure
s/mart_spic.eps)...executed safely (allowed).

Package epstopdf Info: Result file: <./Figures/mart_spic-eps-converted-to.pdf>
(epstopdf)                    date: 2020-12-07 21:34:48
(epstopdf)                    size: 68529 bytes.
<./Figures/mart_spic-eps-converted-to.pdf, id=56, 414.54875pt x 315.1775pt>
File: ./Figures/mart_spic-eps-converted-to.pdf Graphic file (type pdf)
<use ./Figures/mart_spic-eps-converted-to.pdf>
Package pdftex.def Info: ./Figures/mart_spic-eps-converted-to.pdf  used on inpu
t line 100.
(pdftex.def)             Requested size: 239.00558pt x 181.71138pt.
 [4

 <./Figures/mart_spic-eps-converted-to.pdf>]
Package epstopdf Info: Source file: <./Figures/spectrogram_banjo_normal.eps>
(epstopdf)                    date: 2020-12-07 17:40:00
(epstopdf)                    size: 184386 bytes
(epstopdf)             Output file: <./Figures/spectrogram_banjo_normal-eps-con
verted-to.pdf>
(epstopdf)                    date: 2020-12-07 17:42:16
(epstopdf)                    size: 192738 bytes
(epstopdf)             Command: <repstopdf --outfile=./Figures/spectrogram_banj
o_normal-eps-converted-to.pdf ./Figures/spectrogram_banjo_normal.eps>
(epstopdf)             \includegraphics on input line 110.
Package epstopdf Info: Output file is already uptodate.
<./Figures/spectrogram_banjo_normal-eps-converted-to.pdf, id=72, 513.92pt x 580
.1675pt>
File: ./Figures/spectrogram_banjo_normal-eps-converted-to.pdf Graphic file (typ
e pdf)
<use ./Figures/spectrogram_banjo_normal-eps-converted-to.pdf>
Package pdftex.def Info: ./Figures/spectrogram_banjo_normal-eps-converted-to.pd
f  used on input line 110.
(pdftex.def)             Requested size: 128.87961pt x 145.491pt.
Package epstopdf Info: Source file: <./Figures/spectrogram_trombone_normal.eps>

(epstopdf)                    date: 2020-12-07 17:40:21
(epstopdf)                    size: 203787 bytes
(epstopdf)             Output file: <./Figures/spectrogram_trombone_normal-eps-
converted-to.pdf>
(epstopdf)                    date: 2020-12-07 17:42:17
(epstopdf)                    size: 220009 bytes
(epstopdf)             Command: <repstopdf --outfile=./Figures/spectrogram_trom
bone_normal-eps-converted-to.pdf ./Figures/spectrogram_trombone_normal.eps>
(epstopdf)             \includegraphics on input line 110.
Package epstopdf Info: Output file is already uptodate.
<./Figures/spectrogram_trombone_normal-eps-converted-to.pdf, id=74, 513.92pt x 
580.1675pt>
File: ./Figures/spectrogram_trombone_normal-eps-converted-to.pdf Graphic file (
type pdf)
<use ./Figures/spectrogram_trombone_normal-eps-converted-to.pdf>
Package pdftex.def Info: ./Figures/spectrogram_trombone_normal-eps-converted-to
.pdf  used on input line 110.
(pdftex.def)             Requested size: 128.87961pt x 145.491pt.
Package epstopdf Info: Source file: <./Figures/spectrogram_violin_normal.eps>
(epstopdf)                    date: 2020-12-07 17:40:29
(epstopdf)                    size: 198818 bytes
(epstopdf)             Output file: <./Figures/spectrogram_violin_normal-eps-co
nverted-to.pdf>
(epstopdf)                    date: 2020-12-07 17:42:18
(epstopdf)                    size: 209468 bytes
(epstopdf)             Command: <repstopdf --outfile=./Figures/spectrogram_viol
in_normal-eps-converted-to.pdf ./Figures/spectrogram_violin_normal.eps>
(epstopdf)             \includegraphics on input line 110.
Package epstopdf Info: Output file is already uptodate.
<./Figures/spectrogram_violin_normal-eps-converted-to.pdf, id=76, 513.92pt x 58
0.1675pt>
File: ./Figures/spectrogram_violin_normal-eps-converted-to.pdf Graphic file (ty
pe pdf)
<use ./Figures/spectrogram_violin_normal-eps-converted-to.pdf>
Package pdftex.def Info: ./Figures/spectrogram_violin_normal-eps-converted-to.p
df  used on input line 110.
(pdftex.def)             Requested size: 128.87961pt x 145.491pt.
 [5

 <./Figures/spectrogram_banjo_normal-eps-converted-to.pdf> <./Figures/spectrogr
am_trombone_normal-eps-converted-to.pdf> <./Figures/spectrogram_violin_normal-e
ps-converted-to.pdf>] [6

]
<./Figures/methods_pics.png, id=102, 2725.18124pt x 1343.0175pt>
File: ./Figures/methods_pics.png Graphic file (type png)
<use ./Figures/methods_pics.png>
Package pdftex.def Info: ./Figures/methods_pics.png  used on input line 138.
(pdftex.def)             Requested size: 413.29208pt x 203.6874pt.

Overfull \hbox (14.95349pt too wide) in paragraph at lines 138--138
 [][] 
 []

[7

 <./Figures/methods_pics.png>]
Package epstopdf Info: Source file: <./Figures/filterbank.eps>
(epstopdf)                    date: 2020-12-07 14:21:38
(epstopdf)                    size: 376830 bytes
(epstopdf)             Output file: <./Figures/filterbank-eps-converted-to.pdf>

(epstopdf)                    date: 2020-12-07 19:16:57
(epstopdf)                    size: 124218 bytes
(epstopdf)             Command: <repstopdf --outfile=./Figures/filterbank-eps-c
onverted-to.pdf ./Figures/filterbank.eps>
(epstopdf)             \includegraphics on input line 156.
Package epstopdf Info: Output file is already uptodate.
<./Figures/filterbank-eps-converted-to.pdf, id=111, 421.575pt x 316.18124pt>
File: ./Figures/filterbank-eps-converted-to.pdf Graphic file (type pdf)
<use ./Figures/filterbank-eps-converted-to.pdf>
Package pdftex.def Info: ./Figures/filterbank-eps-converted-to.pdf  used on inp
ut line 156.
(pdftex.def)             Requested size: 278.83578pt x 209.12894pt.
 [8

 <./Figures/filterbank-eps-converted-to.pdf>] [9

]
Package epstopdf Info: Source file: <./Figures/audiogram.eps>
(epstopdf)                    date: 2020-12-07 14:21:38
(epstopdf)                    size: 20886 bytes
(epstopdf)             Output file: <./Figures/audiogram-eps-converted-to.pdf>
(epstopdf)                    date: 2020-12-07 14:21:38
(epstopdf)                    size: 9975 bytes
(epstopdf)             Command: <repstopdf --outfile=./Figures/audiogram-eps-co
nverted-to.pdf ./Figures/audiogram.eps>
(epstopdf)             \includegraphics on input line 184.
Package epstopdf Info: Output file is already uptodate.
<./Figures/audiogram-eps-converted-to.pdf, id=131, 429.605pt x 312.16624pt>
File: ./Figures/audiogram-eps-converted-to.pdf Graphic file (type pdf)
<use ./Figures/audiogram-eps-converted-to.pdf>
Package pdftex.def Info: ./Figures/audiogram-eps-converted-to.pdf  used on inpu
t line 184.
(pdftex.def)             Requested size: 239.00558pt x 173.67348pt.
 [10

 <./Figures/audiogram-eps-converted-to.pdf>]
<./Figures/bruce.png, id=144, 869.2475pt x 322.20375pt>
File: ./Figures/bruce.png Graphic file (type png)
<use ./Figures/bruce.png>
Package pdftex.def Info: ./Figures/bruce.png  used on input line 196.
(pdftex.def)             Requested size: 398.3386pt x 147.65504pt.
 [11

 <./Figures/bruce.png>] [12

]
Package epstopdf Info: Source file: <./Figures/apPSTH_violin.eps>
(epstopdf)                    date: 2020-12-07 14:21:38
(epstopdf)                    size: 660218 bytes
(epstopdf)             Output file: <./Figures/apPSTH_violin-eps-converted-to.p
df>
(epstopdf)                    date: 2020-12-07 18:42:18
(epstopdf)                    size: 167751 bytes
(epstopdf)             Command: <repstopdf --outfile=./Figures/apPSTH_violin-ep
s-converted-to.pdf ./Figures/apPSTH_violin.eps>
(epstopdf)             \includegraphics on input line 228.
Package epstopdf Info: Output file is already uptodate.
<./Figures/apPSTH_violin-eps-converted-to.pdf, id=157, 595.22375pt x 381.425pt>

File: ./Figures/apPSTH_violin-eps-converted-to.pdf Graphic file (type pdf)
<use ./Figures/apPSTH_violin-eps-converted-to.pdf>
Package pdftex.def Info: ./Figures/apPSTH_violin-eps-converted-to.pdf  used on 
input line 228.
(pdftex.def)             Requested size: 350.5399pt x 224.62556pt.
 [13

 <./Figures/apPSTH_violin-eps-converted-to.pdf>] [14

] [15

]
Package epstopdf Info: Source file: <./Figures/all_ENV_coherence_440.eps>
(epstopdf)                    date: 2020-12-07 14:21:38
(epstopdf)                    size: 39477 bytes
(epstopdf)             Output file: <./Figures/all_ENV_coherence_440-eps-conver
ted-to.pdf>
(epstopdf)                    date: 2020-12-07 20:13:38
(epstopdf)                    size: 15613 bytes
(epstopdf)             Command: <repstopdf --outfile=./Figures/all_ENV_coherenc
e_440-eps-converted-to.pdf ./Figures/all_ENV_coherence_440.eps>
(epstopdf)             \includegraphics on input line 282.
Package epstopdf Info: Output file is already uptodate.
<./Figures/all_ENV_coherence_440-eps-converted-to.pdf, id=188, 610.28pt x 447.6
725pt>
File: ./Figures/all_ENV_coherence_440-eps-converted-to.pdf Graphic file (type p
df)
<use ./Figures/all_ENV_coherence_440-eps-converted-to.pdf>
Package pdftex.def Info: ./Figures/all_ENV_coherence_440-eps-converted-to.pdf  
used on input line 282.
(pdftex.def)             Requested size: 244.10767pt x 179.06583pt.

Overfull \hbox (25.02023pt too wide) in paragraph at lines 282--282
[][]  
 []

Package epstopdf Info: Source file: <./Figures/all_TFS_coherence_440.eps>
(epstopdf)                    date: 2020-12-07 14:21:38
(epstopdf)                    size: 27499 bytes
(epstopdf)             Output file: <./Figures/all_TFS_coherence_440-eps-conver
ted-to.pdf>
(epstopdf)                    date: 2020-12-07 20:13:39
(epstopdf)                    size: 12471 bytes
(epstopdf)             Command: <repstopdf --outfile=./Figures/all_TFS_coherenc
e_440-eps-converted-to.pdf ./Figures/all_TFS_coherence_440.eps>
(epstopdf)             \includegraphics on input line 282.
Package epstopdf Info: Output file is already uptodate.
<./Figures/all_TFS_coherence_440-eps-converted-to.pdf, id=189, 602.25pt x 451.6
875pt>
File: ./Figures/all_TFS_coherence_440-eps-converted-to.pdf Graphic file (type p
df)
<use ./Figures/all_TFS_coherence_440-eps-converted-to.pdf>
Package pdftex.def Info: ./Figures/all_TFS_coherence_440-eps-converted-to.pdf  
used on input line 282.
(pdftex.def)             Requested size: 240.89572pt x 180.67178pt.

Overfull \hbox (17.82709pt too wide) in paragraph at lines 282--282
[][]  
 []

[16

 <./Figures/all_ENV_coherence_440-eps-converted-to.pdf> <./Figures/all_TFS_cohe
rence_440-eps-converted-to.pdf>]
Package epstopdf Info: Source file: <./Figures/trombone_violin_ENV_coherence_44
0.eps>
(epstopdf)                    date: 2020-12-07 14:21:38
(epstopdf)                    size: 30457 bytes
(epstopdf)             Output file: <./Figures/trombone_violin_ENV_coherence_44
0-eps-converted-to.pdf>
(epstopdf)                    date: 2020-12-07 20:13:40
(epstopdf)                    size: 12387 bytes
(epstopdf)             Command: <repstopdf --outfile=./Figures/trombone_violin_
ENV_coherence_440-eps-converted-to.pdf ./Figures/trombone_violin_ENV_coherence_
440.eps>
(epstopdf)             \includegraphics on input line 297.
Package epstopdf Info: Output file is already uptodate.
<./Figures/trombone_violin_ENV_coherence_440-eps-converted-to.pdf, id=209, 610.
28pt x 454.69875pt>
File: ./Figures/trombone_violin_ENV_coherence_440-eps-converted-to.pdf Graphic 
file (type pdf)
<use ./Figures/trombone_violin_ENV_coherence_440-eps-converted-to.pdf>
Package pdftex.def Info: ./Figures/trombone_violin_ENV_coherence_440-eps-conver
ted-to.pdf  used on input line 297.
(pdftex.def)             Requested size: 244.10767pt x 181.87627pt.

Overfull \hbox (25.02023pt too wide) in paragraph at lines 297--297
[][]  
 []

Package epstopdf Info: Source file: <./Figures/trombone_violin_TFS_coherence_44
0.eps>
(epstopdf)                    date: 2020-12-07 14:21:38
(epstopdf)                    size: 23187 bytes
(epstopdf)             Output file: <./Figures/trombone_violin_TFS_coherence_44
0-eps-converted-to.pdf>
(epstopdf)                    date: 2020-12-07 20:13:41
(epstopdf)                    size: 10614 bytes
(epstopdf)             Command: <repstopdf --outfile=./Figures/trombone_violin_
TFS_coherence_440-eps-converted-to.pdf ./Figures/trombone_violin_TFS_coherence_
440.eps>
(epstopdf)             \includegraphics on input line 297.
Package epstopdf Info: Output file is already uptodate.
<./Figures/trombone_violin_TFS_coherence_440-eps-converted-to.pdf, id=210, 595.
22375pt x 456.70625pt>
File: ./Figures/trombone_violin_TFS_coherence_440-eps-converted-to.pdf Graphic 
file (type pdf)
<use ./Figures/trombone_violin_TFS_coherence_440-eps-converted-to.pdf>
Package pdftex.def Info: ./Figures/trombone_violin_TFS_coherence_440-eps-conver
ted-to.pdf  used on input line 297.
(pdftex.def)             Requested size: 238.08528pt x 182.67926pt.

Overfull \hbox (15.01665pt too wide) in paragraph at lines 297--297
[][]  
 []

[17

 <./Figures/trombone_violin_ENV_coherence_440-eps-converted-to.pdf> <./Figures/
trombone_violin_TFS_coherence_440-eps-converted-to.pdf>]
Package epstopdf Info: Source file: <./Figures/violin_ENV_COH_440.eps>
(epstopdf)                    date: 2020-12-07 14:21:38
(epstopdf)                    size: 40209 bytes
(epstopdf)             Output file: <./Figures/violin_ENV_COH_440-eps-converted
-to.pdf>
(epstopdf)                    date: 2020-12-07 20:52:10
(epstopdf)                    size: 14338 bytes
(epstopdf)             Command: <repstopdf --outfile=./Figures/violin_ENV_COH_4
40-eps-converted-to.pdf ./Figures/violin_ENV_COH_440.eps>
(epstopdf)             \includegraphics on input line 311.
Package epstopdf Info: Output file is already uptodate.
<./Figures/violin_ENV_COH_440-eps-converted-to.pdf, id=230, 602.25pt x 451.6875
pt>
File: ./Figures/violin_ENV_COH_440-eps-converted-to.pdf Graphic file (type pdf)

<use ./Figures/violin_ENV_COH_440-eps-converted-to.pdf>
Package pdftex.def Info: ./Figures/violin_ENV_COH_440-eps-converted-to.pdf  use
d on input line 311.
(pdftex.def)             Requested size: 240.89572pt x 180.67178pt.

Overfull \hbox (21.80829pt too wide) in paragraph at lines 311--311
[][]  
 []

Package epstopdf Info: Source file: <./Figures/violin_TFS_COH_440.eps>
(epstopdf)                    date: 2020-12-07 14:21:38
(epstopdf)                    size: 30210 bytes
(epstopdf)             Output file: <./Figures/violin_TFS_COH_440-eps-converted
-to.pdf>
(epstopdf)                    date: 2020-12-07 20:55:10
(epstopdf)                    size: 11945 bytes
(epstopdf)             Command: <repstopdf --outfile=./Figures/violin_TFS_COH_4
40-eps-converted-to.pdf ./Figures/violin_TFS_COH_440.eps>
(epstopdf)             \includegraphics on input line 311.
Package epstopdf Info: Output file is already uptodate.
<./Figures/violin_TFS_COH_440-eps-converted-to.pdf, id=231, 595.22375pt x 456.7
0625pt>
File: ./Figures/violin_TFS_COH_440-eps-converted-to.pdf Graphic file (type pdf)

<use ./Figures/violin_TFS_COH_440-eps-converted-to.pdf>
Package pdftex.def Info: ./Figures/violin_TFS_COH_440-eps-converted-to.pdf  use
d on input line 311.
(pdftex.def)             Requested size: 238.08528pt x 182.67926pt.

Overfull \hbox (15.01665pt too wide) in paragraph at lines 311--311
[][]  
 []

[18

 <./Figures/violin_ENV_COH_440-eps-converted-to.pdf> <./Figures/violin_TFS_COH_
440-eps-converted-to.pdf>]
Package epstopdf Info: Source file: <./Figures/violin_ENV_COH_3960.eps>
(epstopdf)                    date: 2020-12-07 14:21:38
(epstopdf)                    size: 121698 bytes
(epstopdf)             Output file: <./Figures/violin_ENV_COH_3960-eps-converte
d-to.pdf>
(epstopdf)                    date: 2020-12-07 20:57:24
(epstopdf)                    size: 43296 bytes
(epstopdf)             Command: <repstopdf --outfile=./Figures/violin_ENV_COH_3
960-eps-converted-to.pdf ./Figures/violin_ENV_COH_3960.eps>
(epstopdf)             \includegraphics on input line 325.
Package epstopdf Info: Output file is already uptodate.
<./Figures/violin_ENV_COH_3960-eps-converted-to.pdf, id=251, 610.28pt x 447.672
5pt>
File: ./Figures/violin_ENV_COH_3960-eps-converted-to.pdf Graphic file (type pdf
)
<use ./Figures/violin_ENV_COH_3960-eps-converted-to.pdf>
Package pdftex.def Info: ./Figures/violin_ENV_COH_3960-eps-converted-to.pdf  us
ed on input line 325.
(pdftex.def)             Requested size: 244.10767pt x 179.06583pt.

Overfull \hbox (25.02023pt too wide) in paragraph at lines 325--325
[][]  
 []

Package epstopdf Info: Source file: <./Figures/violin_TFS_COH_3960.eps>
(epstopdf)                    date: 2020-12-07 14:21:38
(epstopdf)                    size: 30261 bytes
(epstopdf)             Output file: <./Figures/violin_TFS_COH_3960-eps-converte
d-to.pdf>
(epstopdf)                    date: 2020-12-07 20:57:25
(epstopdf)                    size: 12060 bytes
(epstopdf)             Command: <repstopdf --outfile=./Figures/violin_TFS_COH_3
960-eps-converted-to.pdf ./Figures/violin_TFS_COH_3960.eps>
(epstopdf)             \includegraphics on input line 325.
Package epstopdf Info: Output file is already uptodate.
<./Figures/violin_TFS_COH_3960-eps-converted-to.pdf, id=252, 595.22375pt x 456.
70625pt>
File: ./Figures/violin_TFS_COH_3960-eps-converted-to.pdf Graphic file (type pdf
)
<use ./Figures/violin_TFS_COH_3960-eps-converted-to.pdf>
Package pdftex.def Info: ./Figures/violin_TFS_COH_3960-eps-converted-to.pdf  us
ed on input line 325.
(pdftex.def)             Requested size: 238.08528pt x 182.67926pt.

Overfull \hbox (15.01665pt too wide) in paragraph at lines 325--325
[][]  
 []

[19

 <./Figures/violin_ENV_COH_3960-eps-converted-to.pdf> <./Figures/violin_TFS_COH
_3960-eps-converted-to.pdf>]
Package epstopdf Info: Source file: <./Figures/martele_spiccato_ENV_3960.eps>
(epstopdf)                    date: 2020-12-07 14:21:38
(epstopdf)                    size: 82237 bytes
(epstopdf)             Output file: <./Figures/martele_spiccato_ENV_3960-eps-co
nverted-to.pdf>
(epstopdf)                    date: 2020-12-07 21:10:34
(epstopdf)                    size: 31445 bytes
(epstopdf)             Command: <repstopdf --outfile=./Figures/martele_spiccato
_ENV_3960-eps-converted-to.pdf ./Figures/martele_spiccato_ENV_3960.eps>
(epstopdf)             \includegraphics on input line 339.
Package epstopdf Info: Output file is already uptodate.
<./Figures/martele_spiccato_ENV_3960-eps-converted-to.pdf, id=273, 610.28pt x 4
47.6725pt>
File: ./Figures/martele_spiccato_ENV_3960-eps-converted-to.pdf Graphic file (ty
pe pdf)
<use ./Figures/martele_spiccato_ENV_3960-eps-converted-to.pdf>
Package pdftex.def Info: ./Figures/martele_spiccato_ENV_3960-eps-converted-to.p
df  used on input line 339.
(pdftex.def)             Requested size: 244.10767pt x 179.06583pt.

Overfull \hbox (25.02023pt too wide) in paragraph at lines 339--339
[][]  
 []

Package epstopdf Info: Source file: <./Figures/martele_ENV_diff.eps>
(epstopdf)                    date: 2020-12-07 14:21:38
(epstopdf)                    size: 121740 bytes
(epstopdf)             Output file: <./Figures/martele_ENV_diff-eps-converted-t
o.pdf>
(epstopdf)                    date: 2020-12-07 21:10:36
(epstopdf)                    size: 43316 bytes
(epstopdf)             Command: <repstopdf --outfile=./Figures/martele_ENV_diff
-eps-converted-to.pdf ./Figures/martele_ENV_diff.eps>
(epstopdf)             \includegraphics on input line 339.
Package epstopdf Info: Output file is already uptodate.
<./Figures/martele_ENV_diff-eps-converted-to.pdf, id=274, 610.28pt x 447.6725pt
>
File: ./Figures/martele_ENV_diff-eps-converted-to.pdf Graphic file (type pdf)
<use ./Figures/martele_ENV_diff-eps-converted-to.pdf>
Package pdftex.def Info: ./Figures/martele_ENV_diff-eps-converted-to.pdf  used 
on input line 339.
(pdftex.def)             Requested size: 244.10767pt x 179.06583pt.

Overfull \hbox (21.03903pt too wide) in paragraph at lines 339--339
[][]  
 []

[20

 <./Figures/martele_spiccato_ENV_3960-eps-converted-to.pdf> <./Figures/martele_
ENV_diff-eps-converted-to.pdf>]
Package epstopdf Info: Source file: <./Figures/martele_spiccato_TFS_440.eps>
(epstopdf)                    date: 2020-12-07 14:21:38
(epstopdf)                    size: 23934 bytes
(epstopdf)             Output file: <./Figures/martele_spiccato_TFS_440-eps-con
verted-to.pdf>
(epstopdf)                    date: 2020-12-07 21:14:54
(epstopdf)                    size: 10935 bytes
(epstopdf)             Command: <repstopdf --outfile=./Figures/martele_spiccato
_TFS_440-eps-converted-to.pdf ./Figures/martele_spiccato_TFS_440.eps>
(epstopdf)             \includegraphics on input line 354.
Package epstopdf Info: Output file is already uptodate.
<./Figures/martele_spiccato_TFS_440-eps-converted-to.pdf, id=294, 610.28pt x 44
7.6725pt>
File: ./Figures/martele_spiccato_TFS_440-eps-converted-to.pdf Graphic file (typ
e pdf)
<use ./Figures/martele_spiccato_TFS_440-eps-converted-to.pdf>
Package pdftex.def Info: ./Figures/martele_spiccato_TFS_440-eps-converted-to.pd
f  used on input line 354.
(pdftex.def)             Requested size: 244.10767pt x 179.06583pt.

Overfull \hbox (25.02023pt too wide) in paragraph at lines 354--354
[][]  
 []

Package epstopdf Info: Source file: <./Figures/martele_TFS_diff_440.eps>
(epstopdf)                    date: 2020-12-07 14:21:38
(epstopdf)                    size: 30916 bytes
(epstopdf)             Output file: <./Figures/martele_TFS_diff_440-eps-convert
ed-to.pdf>
(epstopdf)                    date: 2020-12-07 21:13:58
(epstopdf)                    size: 12166 bytes
(epstopdf)             Command: <repstopdf --outfile=./Figures/martele_TFS_diff
_440-eps-converted-to.pdf ./Figures/martele_TFS_diff_440.eps>
(epstopdf)             \includegraphics on input line 354.
Package epstopdf Info: Output file is already uptodate.
<./Figures/martele_TFS_diff_440-eps-converted-to.pdf, id=295, 595.22375pt x 456
.70625pt>
File: ./Figures/martele_TFS_diff_440-eps-converted-to.pdf Graphic file (type pd
f)
<use ./Figures/martele_TFS_diff_440-eps-converted-to.pdf>
Package pdftex.def Info: ./Figures/martele_TFS_diff_440-eps-converted-to.pdf  u
sed on input line 354.
(pdftex.def)             Requested size: 238.08528pt x 182.67926pt.

Overfull \hbox (15.01665pt too wide) in paragraph at lines 354--354
[][]  
 []

[21

 <./Figures/martele_spiccato_TFS_440-eps-converted-to.pdf> <./Figures/martele_T
FS_diff_440-eps-converted-to.pdf>] [22

] [23

]
\tf@nav=\write6
\openout6 = `511_pres.nav'.

\tf@toc=\write7
\openout7 = `511_pres.toc'.

\tf@snm=\write8
\openout8 = `511_pres.snm'.

Package atveryend Info: Empty hook `BeforeClearDocument' on input line 389.
Package atveryend Info: Empty hook `AfterLastShipout' on input line 389.
 (./511_pres.aux)
Package atveryend Info: Executing hook `AtVeryEndDocument' on input line 389.
Package atveryend Info: Executing hook `AtEndAfterFileList' on input line 389.
Package rerunfilecheck Info: File `511_pres.out' has not changed.
(rerunfilecheck)             Checksum: D41D8CD98F00B204E9800998ECF8427E;0.


LaTeX Font Warning: Some font shapes were not available, defaults substituted.

 ) 
Here is how much of TeX's memory you used:
 19742 strings out of 480906
 379453 string characters out of 5910771
 624172 words of memory out of 5000000
 34791 multiletter control sequences out of 15000+600000
 542425 words of font info for 56 fonts, out of 8000000 for 9000
 1141 hyphenation exceptions out of 8191
 63i,16n,72p,775b,582s stack positions out of 5000i,500n,10000p,200000b,80000s
</usr/share/texlive/texmf-dist/fonts/type1/public/amsfonts/cm/cmmi10.pfb></us
r/share/texlive/texmf-dist/fonts/type1/public/amsfonts/cm/cmmi6.pfb></usr/share
/texlive/texmf-dist/fonts/type1/public/amsfonts/cm/cmmi8.pfb></usr/share/texliv
e/texmf-dist/fonts/type1/public/amsfonts/cm/cmr10.pfb></usr/share/texlive/texmf
-dist/fonts/type1/public/amsfonts/cm/cmr6.pfb></usr/share/texlive/texmf-dist/fo
nts/type1/public/amsfonts/cm/cmr8.pfb></usr/share/texlive/texmf-dist/fonts/type
1/public/amsfonts/cm/cmss10.pfb></usr/share/texlive/texmf-dist/fonts/type1/publ
ic/amsfonts/cm/cmss12.pfb></usr/share/texlive/texmf-dist/fonts/type1/public/ams
fonts/cm/cmss8.pfb></usr/share/texlive/texmf-dist/fonts/type1/public/amsfonts/c
m/cmssbx10.pfb></usr/share/texlive/texmf-dist/fonts/type1/public/amsfonts/cm/cm
ssi10.pfb></usr/share/texlive/texmf-dist/fonts/type1/public/amsfonts/cm/cmssi12
.pfb></usr/share/texlive/texmf-dist/fonts/type1/public/amsfonts/cm/cmsy10.pfb><
/usr/share/texlive/texmf-dist/fonts/type1/public/amsfonts/cm/cmsy8.pfb></usr/sh
are/texlive/texmf-dist/fonts/type1/public/amsfonts/cm/cmtt10.pfb></usr/share/te
xlive/texmf-dist/fonts/type1/public/amsfonts/symbols/msam10.pfb>
Output written on 511_pres.pdf (23 pages, 2074492 bytes).
PDF statistics:
 389 PDF objects out of 1000 (max. 8388607)
 263 compressed objects within 3 object streams
 47 named destinations out of 1000 (max. 500000)
 189 words of extra memory for PDF output out of 10000 (max. 10000000)

